Build started 2016/11/17 16:18:20.
     1>Project "E:\projects\TractionCalculation\TractionCalculation\TractionCalculation.vcxproj" on node 2 (Build target(s)).
     1>ClCompile:
         C:\Program Files (x86)\Microsoft Visual Studio 12.0\VC\bin\CL.exe /c /Zi /nologo /W3 /WX- /sdl /O2 /Oi /Oy- /GL /D WIN32 /D _WINDOWS /D NDEBUG /D _UNICODE /D UNICODE /Gm- /EHsc /MT /GS /Gy /fp:precise /Zc:wchar_t /Zc:forScope /Yu"stdafx.h" /Fp"Release\TractionCalculation.pch" /Fo"Release\\" /Fd"Release\vc120.pdb" /Gd /TP /analyze- /errorReport:prompt CompensationChain.cpp StartingTorque.cpp TestDlg.cpp Traction.cpp TractionCalculation.cpp TractionCalculationDlg.cpp
         CompensationChain.cpp
         StartingTorque.cpp
     1>StartingTorque.cpp(338): warning C4244: '=' : conversion from 'double' to 'int', possible loss of data
         TestDlg.cpp
         Traction.cpp
     1>Traction.cpp(48): error C2039: 'doModal' : is not a member of 'CTestDlg'
                 e:\projects\tractioncalculation\tractioncalculation\TestDlg.h(6) : see declaration of 'CTestDlg'
         TractionCalculation.cpp
     1>TractionCalculation.cpp(108): warning C4244: 'initializing' : conversion from 'double' to 'float', possible loss of data
         TractionCalculationDlg.cpp
     1>Done Building Project "E:\projects\TractionCalculation\TractionCalculation\TractionCalculation.vcxproj" (Build target(s)) -- FAILED.

Build FAILED.

Time Elapsed 00:01:01.85
